#
# There is insufficient memory for the Java Runtime Environment to continue.
# Native memory allocation (malloc) failed to allocate 1048576 bytes for AllocateHeap
# Possible reasons:
#   The system is out of physical RAM or swap space
#   The process is running with CompressedOops enabled, and the Java Heap may be blocking the growth of the native heap
# Possible solutions:
#   Reduce memory load on the system
#   Increase physical memory or swap space
#   Check if swap backing store is full
#   Decrease Java heap size (-Xmx/-Xms)
#   Decrease number of Java threads
#   Decrease Java thread stack sizes (-Xss)
#   Set larger code cache with -XX:ReservedCodeCacheSize=
#   JVM is running with Unscaled Compressed Oops mode in which the Java heap is
#     placed in the first 4GB address space. The Java Heap base address is the
#     maximum limit for the native heap growth. Please use -XX:HeapBaseMinAddress
#     to set the Java Heap base and to place the Java Heap above 4GB virtual address.
# This output file may be truncated or incomplete.
#
#  Out of Memory Error (memory/allocation.inline.hpp:61), pid=20064, tid=0x0000000000004ec4
#
# JRE version:  (8.0_261-b12) (build )
# Java VM: Java HotSpot(TM) 64-Bit Server VM (25.261-b12 mixed mode windows-amd64 compressed oops)
# Failed to write core dump. Minidumps are not enabled by default on client versions of Windows
#

---------------  T H R E A D  ---------------

Current thread (0x00000207e1b4a800):  JavaThread "Unknown thread" [_thread_in_vm, id=20164, stack(0x000000b4c7700000,0x000000b4c7800000)]

Stack: [0x000000b4c7700000,0x000000b4c7800000]
Native frames: (J=compiled Java code, j=interpreted, Vv=VM code, C=native code)
V  [jvm.dll+0x33e5f9]
V  [jvm.dll+0x2850e2]
V  [jvm.dll+0x285d8d]
V  [jvm.dll+0x27c895]
V  [jvm.dll+0x1565d]
V  [jvm.dll+0x3d9117]
V  [jvm.dll+0x3d5557]
V  [jvm.dll+0x10c61f]
V  [jvm.dll+0x21a00b]
V  [jvm.dll+0x248687]
V  [jvm.dll+0x172116]
C  [java.exe+0x2312]
C  [java.exe+0x15f64]
C  [KERNEL32.DLL+0x16fd4]
C  [ntdll.dll+0x4cec1]


---------------  P R O C E S S  ---------------

Java Threads: ( => current thread )

Other Threads:

=>0x00000207e1b4a800 (exited) JavaThread "Unknown thread" [_thread_in_vm, id=20164, stack(0x000000b4c7700000,0x000000b4c7800000)]

VM state:not at safepoint (normal execution)

VM Mutex/Monitor currently owned by a thread: None

heap address: 0x0000000081a00000, size: 2022 MB, Compressed Oops mode: 32-bit
Narrow klass base: 0x0000000000000000, Narrow klass shift: 3
Compressed class space size: 1073741824 Address: 0x0000000100000000

Heap:
 PSYoungGen      total 38400K, used 665K [0x00000000d5e00000, 0x00000000d8880000, 0x0000000100000000)
  eden space 33280K, 2% used [0x00000000d5e00000,0x00000000d5ea6670,0x00000000d7e80000)
  from space 5120K, 0% used [0x00000000d8380000,0x00000000d8380000,0x00000000d8880000)
  to   space 5120K, 0% used [0x00000000d7e80000,0x00000000d7e80000,0x00000000d8380000)
 ParOldGen       total 87552K, used 0K [0x0000000081a00000, 0x0000000086f80000, 0x00000000d5e00000)
  object space 87552K, 0% used [0x0000000081a00000,0x0000000081a00000,0x0000000086f80000)
 Metaspace       used 776K, capacity 4480K, committed 4480K, reserved 1056768K
  class space    used 76K, capacity 384K, committed 384K, reserved 1048576K

Card table byte_map: [0x00000207f29b0000,0x00000207f2db0000] byte_map_base: 0x00000207f25a3000

Marking Bits: (ParMarkBitMap*) 0x000000006d2a4fb0
 Begin Bits: [0x00000207f3060000, 0x00000207f4ff8000)
 End Bits:   [0x00000207f4ff8000, 0x00000207f6f90000)

Polling page: 0x00000207e1cd0000

CodeCache: size=245760Kb used=328Kb max_used=328Kb free=245431Kb
 bounds [0x00000207e35f0000, 0x00000207e3860000, 0x00000207f25f0000]
 total_blobs=58 nmethods=0 adapters=38
 compilation: enabled

Compilation events (0 events):
No events

GC Heap History (0 events):
No events

Deoptimization events (0 events):
No events

Classes redefined (0 events):
No events

Internal exceptions (0 events):
No events

Events (10 events):
Event: 0.039 loading class java/lang/Short
Event: 0.039 loading class java/lang/Short done
Event: 0.039 loading class java/lang/Integer
Event: 0.040 loading class java/lang/Integer done
Event: 0.040 loading class java/lang/Long
Event: 0.041 loading class java/lang/Long done
Event: 0.042 loading class java/lang/NullPointerException
Event: 0.042 loading class java/lang/NullPointerException done
Event: 0.042 loading class java/lang/ArithmeticException
Event: 0.042 loading class java/lang/ArithmeticException done


Dynamic libraries:
0x00007ff72c4d0000 - 0x00007ff72c517000 	C:\Program Files\Java\jdk1.8.0_261\bin\java.exe
0x00007ffc3fd70000 - 0x00007ffc3ff64000 	C:\Windows\SYSTEM32\ntdll.dll
0x00007ffc3ede0000 - 0x00007ffc3ee9d000 	C:\Windows\System32\KERNEL32.DLL
0x00007ffc3d830000 - 0x00007ffc3daf7000 	C:\Windows\System32\KERNELBASE.dll
0x00007ffc3dde0000 - 0x00007ffc3de8a000 	C:\Windows\System32\ADVAPI32.dll
0x00007ffc3e370000 - 0x00007ffc3e40e000 	C:\Windows\System32\msvcrt.dll
0x00007ffc3e410000 - 0x00007ffc3e4ab000 	C:\Windows\System32\sechost.dll
0x00007ffc3f4c0000 - 0x00007ffc3f5e3000 	C:\Windows\System32\RPCRT4.dll
0x00007ffc3f190000 - 0x00007ffc3f330000 	C:\Windows\System32\USER32.dll
0x00007ffc3d5d0000 - 0x00007ffc3d5f2000 	C:\Windows\System32\win32u.dll
0x00007ffc3edb0000 - 0x00007ffc3edda000 	C:\Windows\System32\GDI32.dll
0x00007ffc3dcd0000 - 0x00007ffc3ddda000 	C:\Windows\System32\gdi32full.dll
0x00007ffc3db00000 - 0x00007ffc3db9d000 	C:\Windows\System32\msvcp_win.dll
0x00007ffc3dbd0000 - 0x00007ffc3dcd0000 	C:\Windows\System32\ucrtbase.dll
0x00007ffc291f0000 - 0x00007ffc2948a000 	C:\Windows\WinSxS\amd64_microsoft.windows.common-controls_6595b64144ccf1df_6.0.19041.1_none_b555e41d4684ddec\COMCTL32.dll
0x00007ffc3f160000 - 0x00007ffc3f190000 	C:\Windows\System32\IMM32.DLL
0x00007ffc36990000 - 0x00007ffc369a5000 	C:\Program Files\Java\jdk1.8.0_261\jre\bin\vcruntime140.dll
0x00007ffc1b860000 - 0x00007ffc1b8fb000 	C:\Program Files\Java\jdk1.8.0_261\jre\bin\msvcp140.dll
0x000000006cab0000 - 0x000000006d31c000 	C:\Program Files\Java\jdk1.8.0_261\jre\bin\server\jvm.dll
0x00007ffc3de90000 - 0x00007ffc3de98000 	C:\Windows\System32\PSAPI.DLL
0x00007ffc3a910000 - 0x00007ffc3a919000 	C:\Windows\SYSTEM32\WSOCK32.dll
0x00007ffc3e4b0000 - 0x00007ffc3e51b000 	C:\Windows\System32\WS2_32.dll
0x00007ffc282b0000 - 0x00007ffc282d7000 	C:\Windows\SYSTEM32\WINMM.dll
0x00007ffc35880000 - 0x00007ffc3588a000 	C:\Windows\SYSTEM32\VERSION.dll
0x00007ffc3b450000 - 0x00007ffc3b463000 	C:\Windows\SYSTEM32\kernel.appcore.dll
0x00007ffc3a920000 - 0x00007ffc3a930000 	C:\Program Files\Java\jdk1.8.0_261\jre\bin\verify.dll
0x00007ffc368c0000 - 0x00007ffc368eb000 	C:\Program Files\Java\jdk1.8.0_261\jre\bin\java.dll
0x00007ffc2d8e0000 - 0x00007ffc2d912000 	C:\Program Files\Java\jdk1.8.0_261\jre\bin\instrument.dll
0x00007ffc368a0000 - 0x00007ffc368b8000 	C:\Program Files\Java\jdk1.8.0_261\jre\bin\zip.dll
0x00007ffc3ab60000 - 0x00007ffc3ad44000 	C:\Windows\SYSTEM32\dbghelp.dll
0x00007ffc3d7b0000 - 0x00007ffc3d82f000 	C:\Windows\System32\bcryptPrimitives.dll

VM Arguments:
jvm_args: -XX:TieredStopAtLevel=1 -Xverify:none -Dspring.output.ansi.enabled=always -Dcom.sun.management.jmxremote -Dspring.jmx.enabled=true -Dspring.liveBeansView.mbeanDomain -Dspring.application.admin.enabled=true -javaagent:D:\For Code\IntelliJ IDEA 2020.2.1\lib\idea_rt.jar=51173:D:\For Code\IntelliJ IDEA 2020.2.1\bin -Dfile.encoding=UTF-8 
java_command: com.example.demo.ArchivesManagementApplication
java_class_path (initial): C:\Program Files\Java\jdk1.8.0_261\jre\lib\charsets.jar;C:\Program Files\Java\jdk1.8.0_261\jre\lib\deploy.jar;C:\Program Files\Java\jdk1.8.0_261\jre\lib\ext\access-bridge-64.jar;C:\Program Files\Java\jdk1.8.0_261\jre\lib\ext\cldrdata.jar;C:\Program Files\Java\jdk1.8.0_261\jre\lib\ext\dnsns.jar;C:\Program Files\Java\jdk1.8.0_261\jre\lib\ext\jaccess.jar;C:\Program Files\Java\jdk1.8.0_261\jre\lib\ext\jfxrt.jar;C:\Program Files\Java\jdk1.8.0_261\jre\lib\ext\localedata.jar;C:\Program Files\Java\jdk1.8.0_261\jre\lib\ext\nashorn.jar;C:\Program Files\Java\jdk1.8.0_261\jre\lib\ext\sunec.jar;C:\Program Files\Java\jdk1.8.0_261\jre\lib\ext\sunjce_provider.jar;C:\Program Files\Java\jdk1.8.0_261\jre\lib\ext\sunmscapi.jar;C:\Program Files\Java\jdk1.8.0_261\jre\lib\ext\sunpkcs11.jar;C:\Program Files\Java\jdk1.8.0_261\jre\lib\ext\zipfs.jar;C:\Program Files\Java\jdk1.8.0_261\jre\lib\javaws.jar;C:\Program Files\Java\jdk1.8.0_261\jre\lib\jce.jar;C:\Program Files\Java\jdk1.8.0_261\jre\lib\jfr.jar;C:\Program Files\Java\jdk1.8.0_261\jre\lib\jfxswt.jar;C:\Program Files\Java\jdk1.8.0_261\jre\lib\jsse.jar;C:\Program Files\Java\jdk1.8.0_261\jre\lib\management-agent.jar;C:\Program Files\Java\jdk1.8.0_261\jre\lib\plugin.jar;C:\Program Files\Java\jdk1.8.0_261\jre\lib\resources.jar;C:\Program Files\Java\jdk1.8.0_261\jre\lib\rt.jar;D:\Archives management\target\classes;C:\Users\Administrator\.m2\repository\org\springframework\boot\spring-boot-starter-web\2.3.4.RELEASE\spring-boot-starter-web-2.3.4.RELEASE.jar;C:\Users\Administrator\.m2\repository\org\springframework\boot\spring-boot-starter\2.3.4.RELEASE\spring-boot-starter-2.3.4.RELEASE.jar;C:\Users\Administrator\.m2\repository\org\springframework\boot\spring-boot\2.3.4.RELEASE\spring-boot-2.3.4.RELEASE.jar;C:\Users\Administrator\.m2\repository\org\springframework\boot\spring-boot-autoconfigure\2.3.4.RELEASE\spring-boot-autoconfigure-2.3.4.RELEASE.jar;C:\Users\Administrator\.m2\repository\org\springframework\boot\spri
Launcher Type: SUN_STANDARD

Environment Variables:
JAVA_HOME=C:\Program Files\Java\jdk1.8.0_261
CLASSPATH=.;C:\Program Files\Java\jdk1.8.0_261\lib\dt.jar;C:\Program Files\Java\jdk1.8.0_261\lib\tools.jar;D:\For Code\apache-tomcat-8.0.41\lib\servlet-api.jar;
PATH=C:\Program Files (x86)\Common Files\Oracle\Java\javapath;C:\Windows\system32;C:\Windows;C:\Windows\System32\Wbem;C:\Windows\System32\WindowsPowerShell\v1.0\;C:\Windows\System32\OpenSSH\;D:\For Code\Git\cmd;C:\Program Files\Java\jdk1.8.0_261\bin;C:\Program Files\Java\jdk1.8.0_261\jre\bin;D:\For Code\apache-tomcat-8.0.41\bin;D:\For Code\apache-tomcat-8.0.41\lib;D:\For Code\mysql-5.7.24-winx64\bin;D:\For Code\node.js\;C:\Users\Administrator\AppData\Local\Programs\Python\Python36\Scripts\;C:\Users\Administrator\AppData\Local\Programs\Python\Python36\;C:\Users\Administrator\AppData\Local\Microsoft\WindowsApps;C:\Program Files\Bandizip\;D:\For Code\apache-maven-3.6.3\bin;C:\Users\Administrator\AppData\Roaming\npm
USERNAME=Administrator
OS=Windows_NT
PROCESSOR_IDENTIFIER=Intel64 Family 6 Model 142 Stepping 9, GenuineIntel



---------------  S Y S T E M  ---------------

OS: Windows 10.0 , 64 bit Build 19041 (10.0.19041.292)

CPU:total 4 (initial active 4) (2 cores per cpu, 2 threads per core) family 6 model 142 stepping 9, cmov, cx8, fxsr, mmx, sse, sse2, sse3, ssse3, sse4.1, sse4.2, popcnt, avx, avx2, aes, clmul, erms, 3dnowpref, lzcnt, ht, tsc, tscinvbit, bmi1, bmi2, adx

Memory: 4k page, physical 8277204k(1410772k free), swap 10374356k(4288k free)

vm_info: Java HotSpot(TM) 64-Bit Server VM (25.261-b12) for windows-amd64 JRE (1.8.0_261-b12), built on Jun 18 2020 06:56:32 by "" with unknown MS VC++:1916

time: Tue Nov  3 10:55:28 2020
timezone: 中国标准时间
elapsed time: 0 seconds (0d 0h 0m 0s)

