#
# There is insufficient memory for the Java Runtime Environment to continue.
# Native memory allocation (malloc) failed to allocate 1048576 bytes for AllocateHeap
# Possible reasons:
#   The system is out of physical RAM or swap space
#   The process is running with CompressedOops enabled, and the Java Heap may be blocking the growth of the native heap
# Possible solutions:
#   Reduce memory load on the system
#   Increase physical memory or swap space
#   Check if swap backing store is full
#   Decrease Java heap size (-Xmx/-Xms)
#   Decrease number of Java threads
#   Decrease Java thread stack sizes (-Xss)
#   Set larger code cache with -XX:ReservedCodeCacheSize=
#   JVM is running with Unscaled Compressed Oops mode in which the Java heap is
#     placed in the first 4GB address space. The Java Heap base address is the
#     maximum limit for the native heap growth. Please use -XX:HeapBaseMinAddress
#     to set the Java Heap base and to place the Java Heap above 4GB virtual address.
# This output file may be truncated or incomplete.
#
#  Out of Memory Error (memory/allocation.inline.hpp:61), pid=16548, tid=0x000000000000427c
#
# JRE version:  (8.0_261-b12) (build )
# Java VM: Java HotSpot(TM) 64-Bit Server VM (25.261-b12 mixed mode windows-amd64 compressed oops)
# Failed to write core dump. Minidumps are not enabled by default on client versions of Windows
#

---------------  T H R E A D  ---------------

Current thread (0x0000023b8ae5e800):  JavaThread "Unknown thread" [_thread_in_vm, id=17020, stack(0x000000d6da200000,0x000000d6da300000)]

Stack: [0x000000d6da200000,0x000000d6da300000]
Native frames: (J=compiled Java code, j=interpreted, Vv=VM code, C=native code)
V  [jvm.dll+0x33e5f9]
V  [jvm.dll+0x2850e2]
V  [jvm.dll+0x285d8d]
V  [jvm.dll+0x27c895]
V  [jvm.dll+0x1565d]
V  [jvm.dll+0x3d87f8]
V  [jvm.dll+0x3d95be]
V  [jvm.dll+0x3d5557]
V  [jvm.dll+0x10c61f]
V  [jvm.dll+0x21a00b]
V  [jvm.dll+0x248687]
V  [jvm.dll+0x172116]
C  [java.exe+0x2312]
C  [java.exe+0x15f64]
C  [KERNEL32.DLL+0x16fd4]
C  [ntdll.dll+0x4cec1]


---------------  P R O C E S S  ---------------

Java Threads: ( => current thread )

Other Threads:

=>0x0000023b8ae5e800 (exited) JavaThread "Unknown thread" [_thread_in_vm, id=17020, stack(0x000000d6da200000,0x000000d6da300000)]

VM state:not at safepoint (normal execution)

VM Mutex/Monitor currently owned by a thread: None

heap address: 0x0000000081a00000, size: 2022 MB, Compressed Oops mode: 32-bit
Narrow klass base: 0x0000000000000000, Narrow klass shift: 3
Compressed class space size: 1073741824 Address: 0x0000000100000000

Heap:
 PSYoungGen      total 38400K, used 665K [0x00000000d5e00000, 0x00000000d8880000, 0x0000000100000000)
  eden space 33280K, 2% used [0x00000000d5e00000,0x00000000d5ea6670,0x00000000d7e80000)
  from space 5120K, 0% used [0x00000000d8380000,0x00000000d8380000,0x00000000d8880000)
  to   space 5120K, 0% used [0x00000000d7e80000,0x00000000d7e80000,0x00000000d8380000)
 ParOldGen       total 87552K, used 0K [0x0000000081a00000, 0x0000000086f80000, 0x00000000d5e00000)
  object space 87552K, 0% used [0x0000000081a00000,0x0000000081a00000,0x0000000086f80000)
 Metaspace       used 776K, capacity 4480K, committed 4480K, reserved 1056768K
  class space    used 76K, capacity 384K, committed 384K, reserved 1048576K

Card table byte_map: [0x0000023b9bd20000,0x0000023b9c120000] byte_map_base: 0x0000023b9b913000

Marking Bits: (ParMarkBitMap*) 0x0000000066934fb0
 Begin Bits: [0x0000023b9c3d0000, 0x0000023b9e368000)
 End Bits:   [0x0000023b9e368000, 0x0000023ba0300000)

Polling page: 0x0000023b8b300000

CodeCache: size=245760Kb used=328Kb max_used=328Kb free=245431Kb
 bounds [0x0000023b8c960000, 0x0000023b8cbd0000, 0x0000023b9b960000]
 total_blobs=58 nmethods=0 adapters=38
 compilation: enabled

Compilation events (0 events):
No events

GC Heap History (0 events):
No events

Deoptimization events (0 events):
No events

Classes redefined (0 events):
No events

Internal exceptions (0 events):
No events

Events (10 events):
Event: 0.037 loading class java/lang/Short
Event: 0.037 loading class java/lang/Short done
Event: 0.037 loading class java/lang/Integer
Event: 0.037 loading class java/lang/Integer done
Event: 0.037 loading class java/lang/Long
Event: 0.038 loading class java/lang/Long done
Event: 0.038 loading class java/lang/NullPointerException
Event: 0.038 loading class java/lang/NullPointerException done
Event: 0.038 loading class java/lang/ArithmeticException
Event: 0.039 loading class java/lang/ArithmeticException done


Dynamic libraries:
0x00007ff6fcc80000 - 0x00007ff6fccc7000 	C:\Program Files\Java\jdk1.8.0_261\bin\java.exe
0x00007ff9b5770000 - 0x00007ff9b5964000 	C:\Windows\SYSTEM32\ntdll.dll
0x00007ff9b44d0000 - 0x00007ff9b458d000 	C:\Windows\System32\KERNEL32.DLL
0x00007ff9b2ef0000 - 0x00007ff9b31b7000 	C:\Windows\System32\KERNELBASE.dll
0x0000000066cd0000 - 0x0000000066d5d000 	C:\Windows\System32\SYSFER.DLL
0x00007ff9b4590000 - 0x00007ff9b463a000 	C:\Windows\System32\ADVAPI32.dll
0x00007ff9b3f90000 - 0x00007ff9b402e000 	C:\Windows\System32\msvcrt.dll
0x00007ff9b4c60000 - 0x00007ff9b4cfb000 	C:\Windows\System32\sechost.dll
0x00007ff9b43a0000 - 0x00007ff9b44c3000 	C:\Windows\System32\RPCRT4.dll
0x00007ff9b4ab0000 - 0x00007ff9b4c50000 	C:\Windows\System32\USER32.dll
0x00007ff9b33c0000 - 0x00007ff9b33e2000 	C:\Windows\System32\win32u.dll
0x00007ff9b4f10000 - 0x00007ff9b4f3a000 	C:\Windows\System32\GDI32.dll
0x00007ff9b3440000 - 0x00007ff9b354a000 	C:\Windows\System32\gdi32full.dll
0x00007ff9b32c0000 - 0x00007ff9b335d000 	C:\Windows\System32\msvcp_win.dll
0x00007ff9b31c0000 - 0x00007ff9b32c0000 	C:\Windows\System32\ucrtbase.dll
0x00007ff99b370000 - 0x00007ff99b60a000 	C:\Windows\WinSxS\amd64_microsoft.windows.common-controls_6595b64144ccf1df_6.0.19041.1_none_b555e41d4684ddec\COMCTL32.dll
0x00007ff9b4370000 - 0x00007ff9b43a0000 	C:\Windows\System32\IMM32.DLL
0x00007ff9a5ec0000 - 0x00007ff9a5ed5000 	C:\Program Files\Java\jdk1.8.0_261\jre\bin\vcruntime140.dll
0x00007ff99c9e0000 - 0x00007ff99ca7b000 	C:\Program Files\Java\jdk1.8.0_261\jre\bin\msvcp140.dll
0x0000000066140000 - 0x00000000669ac000 	C:\Program Files\Java\jdk1.8.0_261\jre\bin\server\jvm.dll
0x00007ff9b4240000 - 0x00007ff9b4248000 	C:\Windows\System32\PSAPI.DLL
0x00007ff9ac5c0000 - 0x00007ff9ac5c9000 	C:\Windows\SYSTEM32\WSOCK32.dll
0x00007ff9b4fa0000 - 0x00007ff9b500b000 	C:\Windows\System32\WS2_32.dll
0x00007ff99d0b0000 - 0x00007ff99d0d7000 	C:\Windows\SYSTEM32\WINMM.dll
0x00007ff9a9550000 - 0x00007ff9a955a000 	C:\Windows\SYSTEM32\VERSION.dll
0x00007ff9b0d30000 - 0x00007ff9b0d43000 	C:\Windows\SYSTEM32\kernel.appcore.dll
0x00007ff9acc20000 - 0x00007ff9acc30000 	C:\Program Files\Java\jdk1.8.0_261\jre\bin\verify.dll
0x00007ff9a3d90000 - 0x00007ff9a3dbb000 	C:\Program Files\Java\jdk1.8.0_261\jre\bin\java.dll
0x00007ff9a3d50000 - 0x00007ff9a3d82000 	C:\Program Files\Java\jdk1.8.0_261\jre\bin\instrument.dll
0x00007ff9a5b40000 - 0x00007ff9a5b58000 	C:\Program Files\Java\jdk1.8.0_261\jre\bin\zip.dll
0x00007ff9ae7c0000 - 0x00007ff9ae9a4000 	C:\Windows\SYSTEM32\dbghelp.dll
0x00007ff9b3600000 - 0x00007ff9b367f000 	C:\Windows\System32\bcryptPrimitives.dll

VM Arguments:
jvm_args: -XX:TieredStopAtLevel=1 -Xverify:none -Dspring.output.ansi.enabled=always -Dcom.sun.management.jmxremote -Dspring.jmx.enabled=true -Dspring.liveBeansView.mbeanDomain -Dspring.application.admin.enabled=true -javaagent:D:\For Code\IntelliJ IDEA 2020.2.1\lib\idea_rt.jar=55831:D:\For Code\IntelliJ IDEA 2020.2.1\bin -Dfile.encoding=UTF-8 
java_command: com.example.demo.ArchivesManagementApplication
java_class_path (initial): C:\Program Files\Java\jdk1.8.0_261\jre\lib\charsets.jar;C:\Program Files\Java\jdk1.8.0_261\jre\lib\deploy.jar;C:\Program Files\Java\jdk1.8.0_261\jre\lib\ext\access-bridge-64.jar;C:\Program Files\Java\jdk1.8.0_261\jre\lib\ext\cldrdata.jar;C:\Program Files\Java\jdk1.8.0_261\jre\lib\ext\dnsns.jar;C:\Program Files\Java\jdk1.8.0_261\jre\lib\ext\jaccess.jar;C:\Program Files\Java\jdk1.8.0_261\jre\lib\ext\jfxrt.jar;C:\Program Files\Java\jdk1.8.0_261\jre\lib\ext\localedata.jar;C:\Program Files\Java\jdk1.8.0_261\jre\lib\ext\nashorn.jar;C:\Program Files\Java\jdk1.8.0_261\jre\lib\ext\sunec.jar;C:\Program Files\Java\jdk1.8.0_261\jre\lib\ext\sunjce_provider.jar;C:\Program Files\Java\jdk1.8.0_261\jre\lib\ext\sunmscapi.jar;C:\Program Files\Java\jdk1.8.0_261\jre\lib\ext\sunpkcs11.jar;C:\Program Files\Java\jdk1.8.0_261\jre\lib\ext\zipfs.jar;C:\Program Files\Java\jdk1.8.0_261\jre\lib\javaws.jar;C:\Program Files\Java\jdk1.8.0_261\jre\lib\jce.jar;C:\Program Files\Java\jdk1.8.0_261\jre\lib\jfr.jar;C:\Program Files\Java\jdk1.8.0_261\jre\lib\jfxswt.jar;C:\Program Files\Java\jdk1.8.0_261\jre\lib\jsse.jar;C:\Program Files\Java\jdk1.8.0_261\jre\lib\management-agent.jar;C:\Program Files\Java\jdk1.8.0_261\jre\lib\plugin.jar;C:\Program Files\Java\jdk1.8.0_261\jre\lib\resources.jar;C:\Program Files\Java\jdk1.8.0_261\jre\lib\rt.jar;D:\Archives management\target\classes;D:\For Code\maven repository\org\springframework\boot\spring-boot-starter-web\2.3.4.RELEASE\spring-boot-starter-web-2.3.4.RELEASE.jar;D:\For Code\maven repository\org\springframework\boot\spring-boot-starter\2.3.4.RELEASE\spring-boot-starter-2.3.4.RELEASE.jar;D:\For Code\maven repository\org\springframework\boot\spring-boot\2.3.4.RELEASE\spring-boot-2.3.4.RELEASE.jar;D:\For Code\maven repository\org\springframework\boot\spring-boot-autoconfigure\2.3.4.RELEASE\spring-boot-autoconfigure-2.3.4.RELEASE.jar;D:\For Code\maven repository\org\springframework\boot\spring-boot-starter-logging\2.3.4.RELEASE\spring-
Launcher Type: SUN_STANDARD

Environment Variables:
JAVA_HOME=C:\Program Files\Java\jdk1.8.0_261
CLASSPATH=.;C:\Program Files\Java\jdk1.8.0_261\lib\dt.jar;C:\Program Files\Java\jdk1.8.0_261\lib\tools.jar;D:\For Code\apache-tomcat-8.0.41\lib\servlet-api.jar;
PATH=D:\For Code\xshell\;C:\Program Files (x86)\Common Files\Oracle\Java\javapath;C:\Windows\system32;C:\Windows;C:\Windows\System32\Wbem;C:\Windows\System32\WindowsPowerShell\v1.0\;C:\Windows\System32\OpenSSH\;D:\For Code\Git\cmd;C:\Program Files\Java\jdk1.8.0_261\bin;C:\Program Files\Java\jdk1.8.0_261\jre\bin;D:\For Code\apache-tomcat-8.0.41\bin;D:\For Code\apache-tomcat-8.0.41\lib;D:\For Code\mysql-5.7.24-winx64\bin;D:\For Code\node.js\;C:\Program Files\PuTTY\;C:\Users\Administrator\AppData\Local\Programs\Python\Python36\Scripts\;C:\Users\Administrator\AppData\Local\Programs\Python\Python36\;C:\Users\Administrator\AppData\Local\Microsoft\WindowsApps;C:\Program Files\Bandizip\;D:\For Code\apache-maven-3.6.3\bin;C:\Users\Administrator\AppData\Roaming\npm
USERNAME=Administrator
OS=Windows_NT
PROCESSOR_IDENTIFIER=Intel64 Family 6 Model 142 Stepping 9, GenuineIntel



---------------  S Y S T E M  ---------------

OS: Windows 10.0 , 64 bit Build 19041 (10.0.19041.292)

CPU:total 4 (initial active 4) (2 cores per cpu, 2 threads per core) family 6 model 142 stepping 9, cmov, cx8, fxsr, mmx, sse, sse2, sse3, ssse3, sse4.1, sse4.2, popcnt, avx, avx2, aes, clmul, erms, 3dnowpref, lzcnt, ht, tsc, tscinvbit, bmi1, bmi2, adx

Memory: 4k page, physical 8277204k(1228576k free), swap 10374356k(5160k free)

vm_info: Java HotSpot(TM) 64-Bit Server VM (25.261-b12) for windows-amd64 JRE (1.8.0_261-b12), built on Jun 18 2020 06:56:32 by "" with unknown MS VC++:1916

time: Mon Nov 16 16:12:47 2020
timezone: 中国标准时间
elapsed time: 0 seconds (0d 0h 0m 0s)

